[2026-03-17 23:58:47.786] [info] Loaded model Grip_Model_initial from file D:\RL_project\models\Geometry_flatted\Model.osim
[2026-03-17 23:59:04.297] [info] Loaded model Grip_Model_initial from file D:\RL_project\models\Geometry_flatted\Model.osim
[2026-03-18 00:01:58.142] [info] Loaded model Grip_Model_initial from file D:\RL_project\models\Geometry_flatted\Model.osim
[2026-03-18 00:01:58.340] [info] Loaded model Grip_Model_initial from file D:\RL_project\models\Geometry_flatted\Model.osim
[2026-03-18 00:02:13.766] [info] Loaded model Grip_Model_initial from file D:\RL_project\models\Geometry_flatted\Model.osim
[2026-03-18 00:02:13.956] [info] Loaded model Grip_Model_initial from file D:\RL_project\models\Geometry_flatted\Model.osim
[2026-03-18 00:03:12.666] [info] Loaded model Grip_Model_initial from file D:\RL_project\models\Geometry_flatted\Model.osim
[2026-03-18 00:03:12.849] [info] Loaded model Grip_Model_initial from file D:\RL_project\models\Geometry_flatted\Model.osim
[2026-03-18 00:04:47.974] [info] Loaded model Grip_Model_initial from file D:\RL_project\models\Geometry_flatted\Model.osim
[2026-03-18 00:04:48.185] [info] Loaded model Grip_Model_initial from file D:\RL_project\models\Geometry_flatted\Model.osim
[2026-03-18 00:06:36.888] [info] Loaded model Grip_Model_initial from file D:\RL_project\models\Geometry_flatted\Model.osim
[2026-03-18 00:06:37.071] [info] Loaded model Grip_Model_initial from file D:\RL_project\models\Geometry_flatted\Model.osim
[2026-03-18 00:07:40.381] [info] Loaded model Grip_Model_initial from file D:\RL_project\models\Geometry_flatted\Model.osim
[2026-03-18 00:07:40.560] [info] Loaded model Grip_Model_initial from file D:\RL_project\models\Geometry_flatted\Model.osim
[2026-03-18 00:10:42.107] [info] Loaded model Grip_Model_initial from file D:\RL_project\models\Geometry_flatted\Model.osim
[2026-03-18 00:10:42.292] [info] Loaded model Grip_Model_initial from file D:\RL_project\models\Geometry_flatted\Model.osim
[2026-03-18 00:13:09.692] [info] Loaded model Grip_Model_initial from file D:\RL_project\models\Geometry_flatted\Model.osim
[2026-03-18 00:13:09.868] [info] Loaded model Grip_Model_initial from file D:\RL_project\models\Geometry_flatted\Model.osim
[2026-03-18 00:13:32.610] [info] Loaded model Grip_Model_initial from file D:\RL_project\models\Geometry_flatted\Model.osim
[2026-03-18 00:13:32.808] [info] Loaded model Grip_Model_initial from file D:\RL_project\models\Geometry_flatted\Model.osim
[2026-03-18 00:13:59.816] [info] Loaded model Grip_Model_initial from file D:\RL_project\models\Geometry_flatted\Model.osim
[2026-03-18 00:13:59.988] [info] Loaded model Grip_Model_initial from file D:\RL_project\models\Geometry_flatted\Model.osim
[2026-03-18 00:16:51.539] [info] Loaded model Grip_Model_initial from file D:\RL_project\models\Geometry_flatted\Model.osim
[2026-03-18 00:16:52.187] [info] Loaded model Grip_Model_initial from file D:\RL_project\models\Geometry_flatted\Model.osim
[2026-03-18 00:17:36.859] [info] Loaded model Grip_Model_initial from file D:\RL_project\models\Geometry_flatted\Model.osim
[2026-03-18 00:17:37.048] [info] Loaded model Grip_Model_initial from file D:\RL_project\models\Geometry_flatted\Model.osim
[2026-03-18 00:17:58.346] [info] Loaded model Grip_Model_initial from file D:\RL_project\models\Geometry_flatted\Model.osim
[2026-03-18 00:17:58.522] [info] Loaded model Grip_Model_initial from file D:\RL_project\models\Geometry_flatted\Model.osim
[2026-03-18 00:20:43.098] [info] Loaded model Grip_Model_initial from file D:\RL_project\models\Geometry_flatted\Model.osim
[2026-03-18 00:22:21.809] [info] Loaded model Grip_Model_initial from file D:\RL_project\models\Geometry_flatted\Model.osim
[2026-03-18 00:22:21.998] [info] Loaded model Grip_Model_initial from file D:\RL_project\models\Geometry_flatted\Model.osim
[2026-03-18 00:29:26.249] [info] Loaded model Grip_Model_initial from file D:\RL_project\models\Geometry_flatted\Model.osim
[2026-03-18 00:34:20.765] [info] Loaded model Grip_Model_initial from file D:\RL_project\models\Geometry_flatted\Model.osim
[2026-03-18 00:34:20.949] [info] Loaded model Grip_Model_initial from file D:\RL_project\models\Geometry_flatted\Model.osim
[2026-03-18 00:35:50.958] [info] Loaded model Grip_Model_initial from file D:\RL_project\models\Geometry_flatted\Model.osim
[2026-03-18 00:35:51.137] [info] Loaded model Grip_Model_initial from file D:\RL_project\models\Geometry_flatted\Model.osim
[2026-03-18 00:38:58.139] [info] Loaded model Grip_Model_initial from file D:\RL_project\models\Geometry_flatted\Model.osim
[2026-03-18 00:38:58.312] [info] Loaded model Grip_Model_initial from file D:\RL_project\models\Geometry_flatted\Model.osim
[2026-03-18 00:40:52.409] [info] Loaded model Grip_Model_initial from file D:\RL_project\models\Geometry_flatted\Model.osim
[2026-03-18 00:40:52.586] [info] Loaded model Grip_Model_initial from file D:\RL_project\models\Geometry_flatted\Model.osim
[2026-03-18 00:49:42.555] [info] Loaded model Grip_Model_initial from file D:\RL_project\models\Geometry_flatted\Model.osim
[2026-03-18 00:50:22.493] [info] Loaded model Grip_Model_initial from file D:\RL_project\models\Geometry_flatted\Model.osim
[2026-03-18 00:50:22.667] [info] Loaded model Grip_Model_initial from file D:\RL_project\models\Geometry_flatted\Model.osim
[2026-03-18 00:54:24.560] [info] Loaded model Grip_Model_initial from file D:\RL_project\models\Geometry_flatted\Model.osim
[2026-03-18 00:54:24.740] [info] Loaded model Grip_Model_initial from file D:\RL_project\models\Geometry_flatted\Model.osim
[2026-03-18 00:54:50.247] [info] Loaded model Grip_Model_initial from file D:\RL_project\models\Geometry_flatted\Model.osim
[2026-03-18 00:54:50.414] [info] Loaded model Grip_Model_initial from file D:\RL_project\models\Geometry_flatted\Model.osim
[2026-03-18 01:15:01.876] [info] Loaded model Grip_Model_initial from file D:\RL_project\models\Geometry_flatted\Model.osim
[2026-03-18 01:15:02.051] [info] Loaded model Grip_Model_initial from file D:\RL_project\models\Geometry_flatted\Model.osim
[2026-03-18 02:14:30.208] [info] Loaded model Grip_Model_initial from file D:\RL_project\models\Geometry_flatted\Model.osim
[2026-03-18 02:23:20.889] [info] Loaded model Grip_Model_initial from file D:\RL_project\models\Geometry_flatted\Model.osim
[2026-03-18 02:24:57.781] [info] Loaded model Grip_Model_initial from file D:\RL_project\models\Geometry_flatted\Model.osim
[2026-03-18 02:25:35.415] [info] Loaded model Grip_Model_initial from file D:\RL_project\models\Geometry_flatted\Model.osim
[2026-03-18 02:28:34.860] [info] Loaded model Grip_Model_initial from file D:\RL_project\models\Geometry_flatted\Model.osim
[2026-03-18 02:35:54.650] [info] Loaded model Grip_Model_initial from file D:\RL_project\models\Geometry_flatted\Model.osim
[2026-03-18 02:38:06.702] [info] Loaded model Grip_Model_initial from file D:\RL_project\models\Geometry_flatted\Model.osim
[2026-03-18 02:40:56.659] [info] Loaded model Grip_Model_initial from file D:\RL_project\models\Geometry_flatted\Model.osim
[2026-03-18 02:46:35.506] [info] Loaded model Grip_Model_initial from file D:\RL_project\models\Geometry_flatted\Model.osim
[2026-03-18 02:53:20.773] [info] Loaded model Grip_Model_initial from file D:\RL_project\models\Geometry_flatted\Model.osim
[2026-03-18 02:53:41.201] [info] Loaded model Grip_Model_initial from file D:\RL_project\models\Geometry_flatted\Model.osim
[2026-03-18 02:55:33.016] [info] Loaded model Grip_Model_initial from file D:\RL_project\models\Geometry_flatted\Model.osim
[2026-03-18 04:20:47.341] [info] Loaded model Grip_Model_initial from file D:\RL_project\models\Geometry_flatted\Model.osim
[2026-03-18 04:20:48.095] [info] Loaded model Grip_Model_initial from file D:\RL_project\models\Geometry_flatted\Model.osim
[2026-03-18 04:22:01.384] [info] Loaded model Grip_Model_initial from file D:\RL_project\models\Geometry_flatted\Model.osim
[2026-03-18 04:22:01.566] [info] Loaded model Grip_Model_initial from file D:\RL_project\models\Geometry_flatted\Model.osim
[2026-03-18 04:22:28.215] [info] Loaded model Grip_Model_initial from file D:\RL_project\models\Geometry_flatted\Model.osim
[2026-03-18 04:22:28.396] [info] Loaded model Grip_Model_initial from file D:\RL_project\models\Geometry_flatted\Model.osim
[2026-03-18 04:23:01.224] [info] Loaded model Grip_Model_initial from file D:\RL_project\models\Geometry_flatted\Model.osim
[2026-03-18 04:23:01.407] [info] Loaded model Grip_Model_initial from file D:\RL_project\models\Geometry_flatted\Model.osim
[2026-03-18 04:23:48.909] [info] Loaded model Grip_Model_initial from file D:\RL_project\models\Geometry_flatted\Model.osim
[2026-03-18 04:23:49.091] [info] Loaded model Grip_Model_initial from file D:\RL_project\models\Geometry_flatted\Model.osim
[2026-03-18 04:24:21.625] [info] Loaded model Grip_Model_initial from file D:\RL_project\models\Geometry_flatted\Model.osim
[2026-03-18 04:24:21.807] [info] Loaded model Grip_Model_initial from file D:\RL_project\models\Geometry_flatted\Model.osim
[2026-03-18 04:25:42.236] [info] Loaded model Grip_Model_initial from file D:\RL_project\models\Geometry_flatted\Model.osim
[2026-03-18 04:25:42.412] [info] Loaded model Grip_Model_initial from file D:\RL_project\models\Geometry_flatted\Model.osim
[2026-03-18 04:27:29.621] [info] Loaded model Grip_Model_initial from file D:\RL_project\models\Geometry_flatted\Model.osim
[2026-03-18 04:27:29.813] [info] Loaded model Grip_Model_initial from file D:\RL_project\models\Geometry_flatted\Model.osim
[2026-03-18 04:27:44.208] [info] Loaded model Grip_Model_initial from file D:\RL_project\models\Geometry_flatted\Model.osim
[2026-03-18 04:27:58.154] [info] Loaded model Grip_Model_initial from file D:\RL_project\models\Geometry_flatted\Model.osim
[2026-03-18 04:28:12.146] [info] Loaded model Grip_Model_initial from file D:\RL_project\models\Geometry_flatted\Model.osim
[2026-03-18 04:28:26.530] [info] Loaded model Grip_Model_initial from file D:\RL_project\models\Geometry_flatted\Model.osim
[2026-03-18 04:28:41.085] [info] Loaded model Grip_Model_initial from file D:\RL_project\models\Geometry_flatted\Model.osim
[2026-03-18 04:28:55.384] [info] Loaded model Grip_Model_initial from file D:\RL_project\models\Geometry_flatted\Model.osim
[2026-03-18 04:35:54.712] [info] Loaded model Grip_Model_initial from file D:\RL_project\models\Geometry_flatted\Model.osim
[2026-03-18 04:35:54.900] [info] Loaded model Grip_Model_initial from file D:\RL_project\models\Geometry_flatted\Model.osim
[2026-03-18 04:35:55.459] [info] Loaded model Grip_Model_initial from file D:\RL_project\models\Geometry_flatted\Model.osim
[2026-03-18 04:36:09.739] [info] Loaded model Grip_Model_initial from file D:\RL_project\models\Geometry_flatted\Model.osim
[2026-03-18 04:36:24.393] [info] Loaded model Grip_Model_initial from file D:\RL_project\models\Geometry_flatted\Model.osim
[2026-03-18 04:36:39.062] [info] Loaded model Grip_Model_initial from file D:\RL_project\models\Geometry_flatted\Model.osim
[2026-03-18 04:36:54.009] [info] Loaded model Grip_Model_initial from file D:\RL_project\models\Geometry_flatted\Model.osim
[2026-03-18 04:38:58.648] [info] Loaded model Grip_Model_initial from file D:\RL_project\models\Geometry_flatted\Model.osim
[2026-03-18 04:38:58.847] [info] Loaded model Grip_Model_initial from file D:\RL_project\models\Geometry_flatted\Model.osim
[2026-03-18 04:38:59.449] [info] Loaded model Grip_Model_initial from file D:\RL_project\models\Geometry_flatted\Model.osim
[2026-03-18 04:39:14.470] [info] Loaded model Grip_Model_initial from file D:\RL_project\models\Geometry_flatted\Model.osim
[2026-03-18 04:39:29.649] [info] Loaded model Grip_Model_initial from file D:\RL_project\models\Geometry_flatted\Model.osim
[2026-03-18 04:39:44.624] [info] Loaded model Grip_Model_initial from file D:\RL_project\models\Geometry_flatted\Model.osim
[2026-03-18 04:39:59.701] [info] Loaded model Grip_Model_initial from file D:\RL_project\models\Geometry_flatted\Model.osim
[2026-03-18 04:40:50.358] [info] Loaded model Grip_Model_initial from file D:\RL_project\models\Geometry_flatted\Model.osim
[2026-03-18 04:40:50.563] [info] Loaded model Grip_Model_initial from file D:\RL_project\models\Geometry_flatted\Model.osim
[2026-03-18 04:40:51.218] [info] Loaded model Grip_Model_initial from file D:\RL_project\models\Geometry_flatted\Model.osim
[2026-03-18 04:41:48.709] [info] Loaded model Grip_Model_initial from file D:\RL_project\models\Geometry_flatted\Model.osim
[2026-03-18 04:41:48.907] [info] Loaded model Grip_Model_initial from file D:\RL_project\models\Geometry_flatted\Model.osim
[2026-03-18 04:42:31.856] [info] Loaded model Grip_Model_initial from file D:\RL_project\models\Geometry_flatted\Model.osim
[2026-03-18 04:42:32.112] [info] Loaded model Grip_Model_initial from file D:\RL_project\models\Geometry_flatted\Model.osim
[2026-03-18 04:42:58.038] [info] Loaded model Grip_Model_initial from file D:\RL_project\models\Geometry_flatted\Model.osim
[2026-03-18 04:42:58.241] [info] Loaded model Grip_Model_initial from file D:\RL_project\models\Geometry_flatted\Model.osim
[2026-03-18 04:43:13.311] [info] Loaded model Grip_Model_initial from file D:\RL_project\models\Geometry_flatted\Model.osim
[2026-03-18 04:43:28.295] [info] Loaded model Grip_Model_initial from file D:\RL_project\models\Geometry_flatted\Model.osim
[2026-03-18 04:43:43.122] [info] Loaded model Grip_Model_initial from file D:\RL_project\models\Geometry_flatted\Model.osim
[2026-03-18 04:43:58.237] [info] Loaded model Grip_Model_initial from file D:\RL_project\models\Geometry_flatted\Model.osim
[2026-03-18 04:45:50.931] [info] Loaded model Grip_Model_initial from file D:\RL_project\models\Geometry_flatted\Model.osim
[2026-03-18 04:45:51.120] [info] Loaded model Grip_Model_initial from file D:\RL_project\models\Geometry_flatted\Model.osim
[2026-03-18 04:46:06.044] [info] Loaded model Grip_Model_initial from file D:\RL_project\models\Geometry_flatted\Model.osim
[2026-03-18 04:46:19.823] [info] Loaded model Grip_Model_initial from file D:\RL_project\models\Geometry_flatted\Model.osim
[2026-03-18 04:46:32.389] [info] Loaded model Grip_Model_initial from file D:\RL_project\models\Geometry_flatted\Model.osim
[2026-03-18 04:46:44.824] [info] Loaded model Grip_Model_initial from file D:\RL_project\models\Geometry_flatted\Model.osim
[2026-03-18 04:49:26.979] [info] Loaded model Grip_Model_initial from file D:\RL_project\models\Geometry_flatted\Model.osim
[2026-03-18 04:49:27.161] [info] Loaded model Grip_Model_initial from file D:\RL_project\models\Geometry_flatted\Model.osim
[2026-03-18 04:49:46.697] [info] Loaded model Grip_Model_initial from file D:\RL_project\models\Geometry_flatted\Model.osim
[2026-03-18 04:49:46.876] [info] Loaded model Grip_Model_initial from file D:\RL_project\models\Geometry_flatted\Model.osim
[2026-03-18 04:50:59.085] [info] Loaded model Grip_Model_initial from file D:\RL_project\models\Geometry_flatted\Model.osim
[2026-03-18 04:50:59.264] [info] Loaded model Grip_Model_initial from file D:\RL_project\models\Geometry_flatted\Model.osim
[2026-03-18 04:51:10.791] [info] Loaded model Grip_Model_initial from file D:\RL_project\models\Geometry_flatted\Model.osim
[2026-03-18 04:51:22.759] [info] Loaded model Grip_Model_initial from file D:\RL_project\models\Geometry_flatted\Model.osim
[2026-03-18 04:51:34.837] [info] Loaded model Grip_Model_initial from file D:\RL_project\models\Geometry_flatted\Model.osim
[2026-03-18 04:51:47.334] [info] Loaded model Grip_Model_initial from file D:\RL_project\models\Geometry_flatted\Model.osim
[2026-03-18 04:56:12.988] [info] Loaded model Grip_Model_initial from file D:\RL_project\models\Geometry_flatted\Model.osim
[2026-03-18 04:56:13.160] [info] Loaded model Grip_Model_initial from file D:\RL_project\models\Geometry_flatted\Model.osim
[2026-03-18 04:56:24.365] [info] Loaded model Grip_Model_initial from file D:\RL_project\models\Geometry_flatted\Model.osim
[2026-03-18 04:56:35.675] [info] Loaded model Grip_Model_initial from file D:\RL_project\models\Geometry_flatted\Model.osim
[2026-03-18 04:56:47.147] [info] Loaded model Grip_Model_initial from file D:\RL_project\models\Geometry_flatted\Model.osim
[2026-03-18 04:56:58.589] [info] Loaded model Grip_Model_initial from file D:\RL_project\models\Geometry_flatted\Model.osim
[2026-03-18 05:02:06.758] [info] Loaded model Grip_Model_initial from file D:\RL_project\models\Geometry_flatted\Model.osim
[2026-03-18 05:02:06.944] [info] Loaded model Grip_Model_initial from file D:\RL_project\models\Geometry_flatted\Model.osim
[2026-03-18 05:02:18.839] [info] Loaded model Grip_Model_initial from file D:\RL_project\models\Geometry_flatted\Model.osim
[2026-03-18 05:02:30.176] [info] Loaded model Grip_Model_initial from file D:\RL_project\models\Geometry_flatted\Model.osim
[2026-03-18 05:02:41.720] [info] Loaded model Grip_Model_initial from file D:\RL_project\models\Geometry_flatted\Model.osim
[2026-03-18 05:02:53.324] [info] Loaded model Grip_Model_initial from file D:\RL_project\models\Geometry_flatted\Model.osim
[2026-03-18 05:03:28.719] [info] Loaded model Grip_Model_initial from file D:\RL_project\models\Geometry_flatted\Model.osim
[2026-03-18 05:03:28.895] [info] Loaded model Grip_Model_initial from file D:\RL_project\models\Geometry_flatted\Model.osim
[2026-03-18 05:03:40.026] [info] Loaded model Grip_Model_initial from file D:\RL_project\models\Geometry_flatted\Model.osim
[2026-03-18 05:03:51.345] [info] Loaded model Grip_Model_initial from file D:\RL_project\models\Geometry_flatted\Model.osim
[2026-03-18 05:06:49.384] [info] Loaded model Grip_Model_initial from file D:\RL_project\models\Geometry_flatted\Model.osim
[2026-03-18 05:06:49.563] [info] Loaded model Grip_Model_initial from file D:\RL_project\models\Geometry_flatted\Model.osim
[2026-03-18 05:07:21.833] [info] Loaded model Grip_Model_initial from file D:\RL_project\models\Geometry_flatted\Model.osim
[2026-03-18 05:07:22.006] [info] Loaded model Grip_Model_initial from file D:\RL_project\models\Geometry_flatted\Model.osim
[2026-03-18 05:07:57.047] [info] Loaded model Grip_Model_initial from file D:\RL_project\models\Geometry_flatted\Model.osim
[2026-03-18 05:08:33.460] [info] Loaded model Grip_Model_initial from file D:\RL_project\models\Geometry_flatted\Model.osim
[2026-03-18 05:08:33.636] [info] Loaded model Grip_Model_initial from file D:\RL_project\models\Geometry_flatted\Model.osim
[2026-03-18 05:08:42.472] [info] Loaded model Grip_Model_initial from file D:\RL_project\models\Geometry_flatted\Model.osim
[2026-03-18 05:08:51.127] [info] Loaded model Grip_Model_initial from file D:\RL_project\models\Geometry_flatted\Model.osim
[2026-03-18 05:08:59.854] [info] Loaded model Grip_Model_initial from file D:\RL_project\models\Geometry_flatted\Model.osim
[2026-03-18 05:09:28.247] [info] Loaded model Grip_Model_initial from file D:\RL_project\models\Geometry_flatted\Model.osim
[2026-03-18 05:09:28.412] [info] Loaded model Grip_Model_initial from file D:\RL_project\models\Geometry_flatted\Model.osim
[2026-03-18 05:09:37.098] [info] Loaded model Grip_Model_initial from file D:\RL_project\models\Geometry_flatted\Model.osim
[2026-03-18 05:09:45.679] [info] Loaded model Grip_Model_initial from file D:\RL_project\models\Geometry_flatted\Model.osim
[2026-03-18 05:09:54.217] [info] Loaded model Grip_Model_initial from file D:\RL_project\models\Geometry_flatted\Model.osim
[2026-03-18 05:10:02.769] [info] Loaded model Grip_Model_initial from file D:\RL_project\models\Geometry_flatted\Model.osim
[2026-03-18 05:12:39.201] [info] Loaded model Grip_Model_initial from file D:\RL_project\models\Geometry_flatted\Model.osim
[2026-03-18 05:12:39.376] [info] Loaded model Grip_Model_initial from file D:\RL_project\models\Geometry_flatted\Model.osim
[2026-03-18 05:12:48.418] [info] Loaded model Grip_Model_initial from file D:\RL_project\models\Geometry_flatted\Model.osim
[2026-03-18 05:12:57.346] [info] Loaded model Grip_Model_initial from file D:\RL_project\models\Geometry_flatted\Model.osim
[2026-03-18 05:13:20.799] [info] Loaded model Grip_Model_initial from file D:\RL_project\models\Geometry_flatted\Model.osim
[2026-03-18 05:13:20.963] [info] Loaded model Grip_Model_initial from file D:\RL_project\models\Geometry_flatted\Model.osim
[2026-03-18 05:13:30.099] [info] Loaded model Grip_Model_initial from file D:\RL_project\models\Geometry_flatted\Model.osim
[2026-03-18 05:13:41.787] [info] Loaded model Grip_Model_initial from file D:\RL_project\models\Geometry_flatted\Model.osim
[2026-03-18 05:13:51.100] [info] Loaded model Grip_Model_initial from file D:\RL_project\models\Geometry_flatted\Model.osim
[2026-03-18 05:14:00.381] [info] Loaded model Grip_Model_initial from file D:\RL_project\models\Geometry_flatted\Model.osim
[2026-03-18 05:16:56.766] [info] Loaded model Grip_Model_initial from file D:\RL_project\models\Geometry_flatted\Model.osim
[2026-03-18 05:16:56.944] [info] Loaded model Grip_Model_initial from file D:\RL_project\models\Geometry_flatted\Model.osim
[2026-03-18 05:17:06.415] [info] Loaded model Grip_Model_initial from file D:\RL_project\models\Geometry_flatted\Model.osim
[2026-03-18 05:17:16.093] [info] Loaded model Grip_Model_initial from file D:\RL_project\models\Geometry_flatted\Model.osim
[2026-03-18 05:17:24.914] [info] Loaded model Grip_Model_initial from file D:\RL_project\models\Geometry_flatted\Model.osim
[2026-03-18 05:17:25.087] [info] Loaded model Grip_Model_initial from file D:\RL_project\models\Geometry_flatted\Model.osim
[2026-03-18 05:17:34.480] [info] Loaded model Grip_Model_initial from file D:\RL_project\models\Geometry_flatted\Model.osim
[2026-03-18 05:17:43.774] [info] Loaded model Grip_Model_initial from file D:\RL_project\models\Geometry_flatted\Model.osim
[2026-03-18 05:17:53.232] [info] Loaded model Grip_Model_initial from file D:\RL_project\models\Geometry_flatted\Model.osim
[2026-03-18 05:18:02.770] [info] Loaded model Grip_Model_initial from file D:\RL_project\models\Geometry_flatted\Model.osim
[2026-03-18 05:20:29.276] [info] Loaded model Grip_Model_initial from file D:\RL_project\models\Geometry_flatted\Model_TRY.osim
[2026-03-18 05:20:29.398] [info] Loaded model Grip_Model_initial from file D:\RL_project\models\Geometry_flatted\Model_TRY.osim
[2026-03-18 05:20:35.132] [info] Loaded model Grip_Model_initial from file D:\RL_project\models\Geometry_flatted\Model_TRY.osim
[2026-03-18 05:20:41.000] [info] Loaded model Grip_Model_initial from file D:\RL_project\models\Geometry_flatted\Model_TRY.osim
[2026-03-18 05:20:46.751] [info] Loaded model Grip_Model_initial from file D:\RL_project\models\Geometry_flatted\Model_TRY.osim
[2026-03-18 05:20:52.453] [info] Loaded model Grip_Model_initial from file D:\RL_project\models\Geometry_flatted\Model_TRY.osim
[2026-03-18 05:21:37.042] [info] Loaded model Grip_Model_initial from file D:\RL_project\models\Geometry_flatted\Model_TRY.osim
[2026-03-18 05:21:37.179] [info] Loaded model Grip_Model_initial from file D:\RL_project\models\Geometry_flatted\Model_TRY.osim
[2026-03-18 05:21:42.886] [info] Loaded model Grip_Model_initial from file D:\RL_project\models\Geometry_flatted\Model_TRY.osim
[2026-03-18 05:21:48.414] [info] Loaded model Grip_Model_initial from file D:\RL_project\models\Geometry_flatted\Model_TRY.osim
[2026-03-18 05:21:53.968] [info] Loaded model Grip_Model_initial from file D:\RL_project\models\Geometry_flatted\Model_TRY.osim
[2026-03-18 05:21:59.495] [info] Loaded model Grip_Model_initial from file D:\RL_project\models\Geometry_flatted\Model_TRY.osim
[2026-03-18 05:23:11.235] [info] Loaded model Grip_Model_initial from file D:\RL_project\models\Geometry_flatted\Model_TRY.osim
[2026-03-18 05:23:11.369] [info] Loaded model Grip_Model_initial from file D:\RL_project\models\Geometry_flatted\Model_TRY.osim
[2026-03-18 05:23:17.547] [info] Loaded model Grip_Model_initial from file D:\RL_project\models\Geometry_flatted\Model_TRY.osim
[2026-03-18 05:23:23.226] [info] Loaded model Grip_Model_initial from file D:\RL_project\models\Geometry_flatted\Model_TRY.osim
[2026-03-18 05:23:29.010] [info] Loaded model Grip_Model_initial from file D:\RL_project\models\Geometry_flatted\Model_TRY.osim
[2026-03-18 05:23:34.846] [info] Loaded model Grip_Model_initial from file D:\RL_project\models\Geometry_flatted\Model_TRY.osim
[2026-03-18 05:23:58.922] [info] Loaded model Grip_Model_initial from file D:\RL_project\models\Geometry_flatted\Model_TRY.osim
[2026-03-18 05:23:59.048] [info] Loaded model Grip_Model_initial from file D:\RL_project\models\Geometry_flatted\Model_TRY.osim
[2026-03-18 05:24:04.845] [info] Loaded model Grip_Model_initial from file D:\RL_project\models\Geometry_flatted\Model_TRY.osim
[2026-03-18 05:24:10.687] [info] Loaded model Grip_Model_initial from file D:\RL_project\models\Geometry_flatted\Model_TRY.osim
[2026-03-18 05:24:16.595] [info] Loaded model Grip_Model_initial from file D:\RL_project\models\Geometry_flatted\Model_TRY.osim
[2026-03-18 05:24:22.512] [info] Loaded model Grip_Model_initial from file D:\RL_project\models\Geometry_flatted\Model_TRY.osim
[2026-03-18 05:25:15.997] [info] Loaded model Grip_Model_initial from file D:\RL_project\models\Geometry_flatted\Model_TRY.osim
[2026-03-18 05:25:16.147] [info] Loaded model Grip_Model_initial from file D:\RL_project\models\Geometry_flatted\Model_TRY.osim
[2026-03-18 05:25:22.066] [info] Loaded model Grip_Model_initial from file D:\RL_project\models\Geometry_flatted\Model_TRY.osim
[2026-03-18 05:25:27.923] [info] Loaded model Grip_Model_initial from file D:\RL_project\models\Geometry_flatted\Model_TRY.osim
[2026-03-18 05:25:33.740] [info] Loaded model Grip_Model_initial from file D:\RL_project\models\Geometry_flatted\Model_TRY.osim
[2026-03-18 05:25:39.485] [info] Loaded model Grip_Model_initial from file D:\RL_project\models\Geometry_flatted\Model_TRY.osim
[2026-03-18 05:26:17.689] [info] Loaded model Grip_Model_initial from file D:\RL_project\models\Geometry_flatted\Model_TRY.osim
[2026-03-18 05:26:17.828] [info] Loaded model Grip_Model_initial from file D:\RL_project\models\Geometry_flatted\Model_TRY.osim
[2026-03-18 05:26:23.572] [info] Loaded model Grip_Model_initial from file D:\RL_project\models\Geometry_flatted\Model_TRY.osim
[2026-03-18 05:26:29.324] [info] Loaded model Grip_Model_initial from file D:\RL_project\models\Geometry_flatted\Model_TRY.osim
[2026-03-18 05:26:34.986] [info] Loaded model Grip_Model_initial from file D:\RL_project\models\Geometry_flatted\Model_TRY.osim
[2026-03-18 05:26:40.778] [info] Loaded model Grip_Model_initial from file D:\RL_project\models\Geometry_flatted\Model_TRY.osim
[2026-03-18 05:27:07.331] [info] Loaded model Grip_Model_initial from file D:\RL_project\models\Geometry_flatted\Model_TRY.osim
[2026-03-18 05:27:07.452] [info] Loaded model Grip_Model_initial from file D:\RL_project\models\Geometry_flatted\Model_TRY.osim
[2026-03-18 05:27:08.930] [info] Loaded model Grip_Model_initial from file D:\RL_project\models\Geometry_flatted\Model_TRY.osim
[2026-03-18 05:27:10.371] [info] Loaded model Grip_Model_initial from file D:\RL_project\models\Geometry_flatted\Model_TRY.osim
[2026-03-18 05:27:11.826] [info] Loaded model Grip_Model_initial from file D:\RL_project\models\Geometry_flatted\Model_TRY.osim
[2026-03-18 05:27:13.274] [info] Loaded model Grip_Model_initial from file D:\RL_project\models\Geometry_flatted\Model_TRY.osim
[2026-03-18 12:34:11.298] [info] Loaded model Grip_Model_initial from file D:\RL_project\models\Geometry_flatted\Model_TRY.osim
[2026-03-18 12:34:11.419] [info] Loaded model Grip_Model_initial from file D:\RL_project\models\Geometry_flatted\Model_TRY.osim
[2026-03-18 12:36:56.613] [info] Loaded model Grip_Model_initial from file D:\RL_project\models\Geometry_flatted\Model_TRY.osim
[2026-03-18 12:36:56.733] [info] Loaded model Grip_Model_initial from file D:\RL_project\models\Geometry_flatted\Model_TRY.osim
[2026-03-18 12:38:03.350] [info] Loaded model Grip_Model_initial from file D:\RL_project\models\Geometry_flatted\Model_TRY.osim
[2026-03-18 12:38:03.475] [info] Loaded model Grip_Model_initial from file D:\RL_project\models\Geometry_flatted\Model_TRY.osim
[2026-03-18 12:39:10.635] [info] Loaded model Grip_Model_initial from file D:\RL_project\models\Geometry_flatted\Model_TRY.osim
[2026-03-18 12:39:10.768] [info] Loaded model Grip_Model_initial from file D:\RL_project\models\Geometry_flatted\Model_TRY.osim
[2026-03-18 12:39:11.292] [info] Loaded model Grip_Model_initial from file D:\RL_project\models\Geometry_flatted\Model_TRY.osim
[2026-03-18 12:40:12.548] [info] Loaded model Grip_Model_initial from file D:\RL_project\models\Geometry_flatted\Model_TRY.osim
[2026-03-18 12:40:12.683] [info] Loaded model Grip_Model_initial from file D:\RL_project\models\Geometry_flatted\Model_TRY.osim
[2026-03-18 12:40:13.211] [info] Loaded model Grip_Model_initial from file D:\RL_project\models\Geometry_flatted\Model_TRY.osim
[2026-03-18 12:43:32.953] [info] Loaded model Grip_Model_initial from file D:\RL_project\models\Geometry_flatted\Model_TRY.osim
[2026-03-18 12:43:33.087] [info] Loaded model Grip_Model_initial from file D:\RL_project\models\Geometry_flatted\Model_TRY.osim
[2026-03-18 12:43:54.732] [info] Loaded model Grip_Model_initial from file D:\RL_project\models\Geometry_flatted\Model_TRY.osim
[2026-03-18 12:43:54.857] [info] Loaded model Grip_Model_initial from file D:\RL_project\models\Geometry_flatted\Model_TRY.osim
[2026-03-18 12:43:55.342] [info] Loaded model Grip_Model_initial from file D:\RL_project\models\Geometry_flatted\Model_TRY.osim
[2026-03-18 12:45:24.197] [info] Loaded model Grip_Model_initial from file D:\\RL_project\\models\\Geometry_flatted\\Model_TRY.osim
[2026-03-18 12:45:24.322] [info] Loaded model Grip_Model_initial from file D:\\RL_project\\models\\Geometry_flatted\\Model_TRY.osim
[2026-03-18 12:46:30.384] [info] Loaded model Grip_Model_initial from file D:\\RL_project\\models\\Geometry_flatted\\Model_TRY.osim
[2026-03-18 12:46:30.518] [info] Loaded model Grip_Model_initial from file D:\\RL_project\\models\\Geometry_flatted\\Model_TRY.osim
[2026-03-18 12:49:52.609] [info] Loaded model Grip_Model_initial from file D:\RL_project\models\Geometry_flatted\Model_TRY.osim
[2026-03-18 12:49:54.231] [info] Loaded model Grip_Model_initial from file D:\RL_project\models\Geometry_flatted\Model_TRY.osim
[2026-03-18 12:50:02.103] [info] Loaded model Grip_Model_initial from file D:\RL_project\models\Geometry_flatted\Model_TRY.osim
[2026-03-18 12:50:02.229] [info] Loaded model Grip_Model_initial from file D:\RL_project\models\Geometry_flatted\Model_TRY.osim
[2026-03-18 12:52:51.163] [info] Loaded model Grip_Model_initial from file D:\\RL_project\\models\\Geometry_flatted\\Model_TRY.osim
[2026-03-18 12:52:51.283] [info] Loaded model Grip_Model_initial from file D:\\RL_project\\models\\Geometry_flatted\\Model_TRY.osim
[2026-03-18 12:53:04.252] [info] Loaded model Grip_Model_initial from file D:\\RL_project\\models\\Geometry_flatted\\Model_TRY.osim
[2026-03-18 12:53:04.378] [info] Loaded model Grip_Model_initial from file D:\\RL_project\\models\\Geometry_flatted\\Model_TRY.osim
[2026-03-18 12:56:59.424] [info] Loaded model Grip_Model_initial from file D:\\RL_project\\models\\Geometry_flatted\\Model_TRY.osim
[2026-03-18 12:56:59.551] [info] Loaded model Grip_Model_initial from file D:\\RL_project\\models\\Geometry_flatted\\Model_TRY.osim
[2026-03-18 12:57:29.423] [info] Loaded model Grip_Model_initial from file D:\\RL_project\\models\\Geometry_flatted\\Model_TRY.osim
[2026-03-18 12:57:29.543] [info] Loaded model Grip_Model_initial from file D:\\RL_project\\models\\Geometry_flatted\\Model_TRY.osim
[2026-03-18 13:38:43.550] [info] Loaded model Grip_Model_initial from file D:\RL_project\models\Geometry_flatted\Model.osim
[2026-03-18 13:38:43.735] [info] Loaded model Grip_Model_initial from file D:\RL_project\models\Geometry_flatted\Model.osim
[2026-03-18 13:41:58.977] [info] Loaded model Grip_Model_initial from file D:\RL_project\models\Geometry_flatted\Model.osim
[2026-03-18 13:44:59.367] [info] Loaded model Grip_Model_initial from file D:\RL_project\models\Geometry_flatted\Model.osim
[2026-03-18 13:47:33.726] [info] Loaded model Grip_Model_initial from file D:\RL_project\models\Geometry_flatted\Model.osim
[2026-03-18 13:51:02.890] [info] Loaded model Grip_Model_initial from file D:\RL_project\models\Geometry_flatted\Model.osim
[2026-03-18 13:54:15.766] [info] Loaded model Grip_Model_initial from file D:\RL_project\models\Geometry_flatted\Model.osim
[2026-03-18 13:54:15.961] [info] Loaded model Grip_Model_initial from file D:\RL_project\models\Geometry_flatted\Model.osim
[2026-03-18 13:54:31.011] [info] Loaded model Grip_Model_initial from file D:\RL_project\models\Geometry_flatted\Model.osim
[2026-03-18 13:54:31.199] [info] Loaded model Grip_Model_initial from file D:\RL_project\models\Geometry_flatted\Model.osim
[2026-03-18 13:54:55.850] [info] Loaded model Grip_Model_initial from file D:\RL_project\models\Geometry_flatted\Model.osim
[2026-03-18 13:54:56.037] [info] Loaded model Grip_Model_initial from file D:\RL_project\models\Geometry_flatted\Model.osim
[2026-03-18 13:59:41.869] [info] Loaded model Grip_Model_initial from file D:\RL_project\models\Geometry_flatted\Model.osim
[2026-03-18 13:59:42.055] [info] Loaded model Grip_Model_initial from file D:\RL_project\models\Geometry_flatted\Model.osim
[2026-03-18 14:10:00.217] [info] Loaded model Grip_Model_initial from file D:\RL_project\models\Geometry_flatted\Model.osim
[2026-03-18 14:14:43.035] [info] Loaded model Grip_Model_initial from file D:\RL_project\models\Geometry_flatted\Model.osim
[2026-03-18 14:15:17.433] [info] Loaded model Grip_Model_initial from file D:\RL_project\models\Geometry_flatted\Model.osim
[2026-03-18 14:15:53.683] [info] Loaded model Grip_Model_initial from file D:\RL_project\models\Geometry_flatted\Model.osim
[2026-03-18 14:16:45.895] [info] Loaded model Grip_Model_initial from file D:\RL_project\models\Geometry_flatted\Model.osim
[2026-03-18 14:16:59.812] [info] Loaded model Grip_Model_initial from file D:\RL_project\models\Geometry_flatted\Model.osim
[2026-03-18 14:21:59.871] [info] Loaded model Grip_Model_initial from file D:\RL_project\models\Geometry_flatted\Model.osim
[2026-03-18 14:23:50.669] [info] Loaded model Grip_Model_initial from file D:\RL_project\models\Geometry_flatted\Model.osim
[2026-03-18 14:24:24.593] [info] Loaded model Grip_Model_initial from file D:\RL_project\models\Geometry_flatted\Model.osim
[2026-03-18 14:25:21.295] [info] Loaded model Grip_Model_initial from file D:\RL_project\models\Geometry_flatted\Model.osim
[2026-03-18 14:31:31.493] [info] Loaded model Grip_Model_initial from file D:\RL_project\models\Geometry_flatted\Model.osim
[2026-03-18 14:37:35.410] [info] Loaded model Grip_Model_initial from file D:\RL_project\models\Geometry_flatted\Model.osim
[2026-03-18 14:40:26.816] [info] Loaded model Grip_Model_initial from file D:\RL_project\models\Geometry_flatted\Model.osim
[2026-03-18 14:42:00.478] [info] Loaded model Grip_Model_initial from file D:\RL_project\models\Geometry_flatted\Model.osim
[2026-03-18 14:43:29.449] [info] Loaded model Grip_Model_initial from file D:\RL_project\models\Geometry_flatted\Model.osim
[2026-03-18 14:45:44.537] [info] Loaded model Grip_Model_initial from file D:\RL_project\models\Geometry_flatted\Model.osim
[2026-03-18 14:46:56.140] [info] Loaded model Grip_Model_initial from file D:\RL_project\models\Geometry_flatted\Model.osim
[2026-03-18 14:47:26.673] [info] Loaded model Grip_Model_initial from file D:\RL_project\models\Geometry_flatted\Model.osim
[2026-03-18 14:57:00.876] [info] Loaded model Grip_Model_initial from file D:\RL_project\models\Geometry_flatted\Model.osim
[2026-03-18 15:00:04.992] [info] Loaded model Grip_Model_initial from file D:\RL_project\models\Geometry_flatted\Model.osim
[2026-03-18 15:01:05.511] [info] Loaded model Grip_Model_initial from file D:\RL_project\models\Geometry_flatted\Model.osim
[2026-03-18 15:04:51.701] [info] Loaded model Grip_Model_initial from file D:\RL_project\models\Geometry_flatted\Model.osim
[2026-03-18 15:08:05.598] [info] Loaded model Grip_Model_initial from file D:\RL_project\models\Geometry_flatted\Model.osim
[2026-03-18 15:08:24.137] [info] Loaded model Grip_Model_initial from file D:\RL_project\models\Geometry_flatted\Model.osim
[2026-03-18 15:09:04.329] [info] Loaded model Grip_Model_initial from file D:\RL_project\models\Geometry_flatted\Model.osim
[2026-03-18 16:45:52.501] [info] Loaded model Grip_Model_initial from file D:\RL_project\models\Geometry_flatted\Model_TRY.osim
[2026-03-18 16:56:02.493] [info] Loaded model Grip_Model_initial from file D:\RL_project\models\Geometry_flatted\Model_TRY.osim
[2026-03-18 17:00:35.760] [info] Loaded model Grip_Model_initial from file D:\RL_project\models\Geometry_flatted\Model_TRY.osim
[2026-03-18 17:21:32.568] [info] Loaded model Grip_Model_initial from file D:\RL_project\models\Geometry_flatted\Model_T.osim
[2026-03-18 17:24:03.972] [info] Loaded model Grip_Model_initial from file D:\RL_project\models\Geometry_flatted\Model_TRY.osim
[2026-03-18 17:24:13.380] [info] Loaded model Grip_Model_initial from file D:\RL_project\models\Geometry_flatted\Model_T.osim
[2026-03-18 17:37:19.953] [info] Loaded model Grip_Model_initial from file D:\RL_project\models\Geometry_flatted\Model_T.osim
[2026-03-18 17:46:58.097] [info] Loaded model Grip_Model_initial from file D:\RL_project\models\Geometry_flatted\Model_T.osim
[2026-03-18 17:47:59.755] [info] Loaded model Grip_Model_initial from file D:\RL_project\models\Geometry_flatted\Model_T.osim
[2026-03-18 17:57:04.380] [info] Loaded model Grip_Model_initial from file D:\RL_project\models\Geometry_flatted\Model_T.osim
[2026-03-18 17:59:09.357] [info] Loaded model Grip_Model_initial from file D:\RL_project\models\Geometry_flatted\Model_T.osim
[2026-03-18 18:00:05.219] [info] Loaded model Grip_Model_initial from file D:\RL_project\models\Geometry_flatted\Model_T.osim
[2026-03-18 18:01:16.383] [info] Loaded model Grip_Model_initial from file D:\RL_project\models\Geometry_flatted\Model_T.osim
[2026-03-18 18:03:28.907] [info] Loaded model Grip_Model_initial from file D:\RL_project\models\Geometry_flatted\Model_TRY.osim
[2026-03-18 18:03:36.844] [info] Loaded model Grip_Model_initial from file D:\RL_project\models\Geometry_flatted\Model_T.osim
[2026-03-18 18:06:47.291] [info] Loaded model Grip_Model_initial from file D:\RL_project\models\Geometry_flatted\Model_T.osim
[2026-03-18 18:10:18.684] [info] Loaded model Grip_Model_initial from file D:\RL_project\models\Geometry_flatted\Model_T.osim
[2026-03-18 18:12:02.312] [info] Loaded model Grip_Model_initial from file D:\RL_project\models\Geometry_flatted\Model_T.osim
[2026-03-18 18:17:18.142] [info] Loaded model Grip_Model_initial from file D:\RL_project\models\Geometry_flatted\Model_T.osim
[2026-03-18 18:29:28.675] [info] Loaded model Grip_Model_initial from file D:\RL_project\models\Geometry_flatted\Model_T.osim
[2026-03-18 18:30:07.708] [info] Loaded model Grip_Model_initial from file D:\RL_project\models\Geometry_flatted\Model_T.osim
[2026-03-18 18:32:42.340] [info] Loaded model Grip_Model_initial from file D:\RL_project\models\Geometry_flatted\Model_T.osim
[2026-03-18 18:33:07.073] [info] Loaded model Grip_Model_initial from file D:\RL_project\models\Geometry_flatted\Model_T.osim
[2026-03-18 18:33:47.493] [info] Loaded model Grip_Model_initial from file D:\RL_project\models\Geometry_flatted\Model_T.osim
[2026-03-18 18:34:38.666] [info] Loaded model Grip_Model_initial from file D:\RL_project\models\Geometry_flatted\Model_T.osim
[2026-03-18 18:35:48.415] [info] Loaded model Grip_Model_initial from file D:\RL_project\models\Geometry_flatted\Model_T.osim
[2026-03-18 18:38:08.944] [info] Loaded model Grip_Model_initial from file D:\RL_project\models\Geometry_flatted\Model_T.osim
[2026-03-18 18:39:15.834] [info] Loaded model Grip_Model_initial from file D:\RL_project\models\Geometry_flatted\Model_T.osim
[2026-03-18 18:40:31.729] [info] Loaded model Grip_Model_initial from file D:\RL_project\models\Geometry_flatted\Model_T.osim
[2026-03-18 18:43:08.768] [info] Loaded model Grip_Model_initial from file D:\RL_project\models\Geometry_flatted\Model_T.osim
[2026-03-18 19:02:10.756] [info] Loaded model Grip_Model_initial from file D:\RL_project\models\Geometry_flatted\Model_T.osim
[2026-03-18 19:03:19.182] [info] Loaded model Grip_Model_initial from file D:\RL_project\models\Geometry_flatted\Model_T.osim
[2026-03-18 19:08:40.084] [info] Loaded model Grip_Model_initial from file D:\RL_project\models\Geometry_flatted\Model_T.osim
[2026-03-18 19:10:16.820] [info] Loaded model Grip_Model_initial from file D:\RL_project\models\Geometry_flatted\Model_T.osim
[2026-03-18 19:11:08.572] [info] Loaded model Grip_Model_initial from file D:\RL_project\models\Geometry_flatted\Model_T.osim
[2026-03-18 19:11:43.227] [info] Loaded model Grip_Model_initial from file D:\RL_project\models\Geometry_flatted\Model_T.osim
[2026-03-18 19:13:56.105] [info] Loaded model Grip_Model_initial from file D:\RL_project\models\Geometry_flatted\Model_T.osim
[2026-03-18 19:19:30.750] [info] Loaded model Grip_Model_initial from file D:\RL_project\models\Geometry_flatted\Model_T.osim
[2026-03-18 19:20:22.081] [info] Loaded model Grip_Model_initial from file D:\RL_project\models\Geometry_flatted\Model_T.osim
[2026-03-18 19:20:45.233] [info] Loaded model Grip_Model_initial from file D:\RL_project\models\Geometry_flatted\Model_T.osim
[2026-03-18 19:22:27.534] [info] Loaded model Grip_Model_initial from file D:\RL_project\models\Geometry_flatted\Model_T.osim
[2026-03-18 19:26:32.573] [info] Loaded model Grip_Model_initial from file D:\RL_project\models\Geometry_flatted\Model_T.osim
[2026-03-18 19:31:49.951] [info] Loaded model Grip_Model_initial from file D:\RL_project\models\Geometry_flatted\Model_T.osim
[2026-03-18 19:33:45.398] [info] Loaded model Grip_Model_initial from file D:\RL_project\models\Geometry_flatted\Model_T.osim
[2026-03-18 19:35:57.249] [info] Loaded model Grip_Model_initial from file D:\RL_project\models\Geometry_flatted\Model_T.osim
[2026-03-18 19:38:03.741] [info] Loaded model Grip_Model_initial from file D:\RL_project\models\Geometry_flatted\Model_T.osim
[2026-03-18 19:38:44.576] [info] Loaded model Grip_Model_initial from file D:\RL_project\models\Geometry_flatted\Model_T.osim
[2026-03-18 19:40:04.286] [info] Loaded model Grip_Model_initial from file D:\RL_project\models\Geometry_flatted\Model_T.osim
[2026-03-18 19:41:50.477] [info] Loaded model Grip_Model_initial from file D:\RL_project\models\Geometry_flatted\Model_T.osim
[2026-03-18 19:44:57.686] [info] Loaded model Grip_Model_initial from file D:\RL_project\models\Geometry_flatted\Model_T.osim
[2026-03-18 19:52:41.633] [info] Loaded model Grip_Model_initial from file D:\RL_project\models\Geometry_flatted\Model_T.osim
[2026-03-18 19:53:30.935] [info] Loaded model Grip_Model_initial from file D:\RL_project\models\Geometry_flatted\Model_T.osim
[2026-03-18 19:54:20.787] [info] Loaded model Grip_Model_initial from file D:\RL_project\models\Geometry_flatted\Model_T.osim
[2026-03-18 19:55:52.791] [info] Loaded model Grip_Model_initial from file D:\RL_project\models\Geometry_flatted\Model_T.osim
[2026-03-18 19:56:18.182] [info] Loaded model Grip_Model_initial from file D:\RL_project\models\Geometry_flatted\Model_T.osim
[2026-03-18 19:58:51.343] [info] Loaded model Grip_Model_initial from file D:\RL_project\models\Geometry_flatted\Model_TRY.osim
[2026-03-18 19:58:59.666] [info] Loaded model Grip_Model_initial from file D:\RL_project\models\Geometry_flatted\Model_T.osim
[2026-03-18 20:01:50.726] [info] Loaded model Grip_Model_initial from file D:\RL_project\models\Geometry_flatted\Model_T.osim
[2026-03-18 20:03:18.890] [info] Loaded model Grip_Model_initial from file D:\RL_project\models\Geometry_flatted\Model_TRY.osim
[2026-03-18 20:03:30.758] [info] Loaded model Grip_Model_initial from file D:\RL_project\models\Geometry_flatted\Model_T.osim
[2026-03-18 20:03:53.694] [info] Loaded model Grip_Model_initial from file D:\RL_project\models\Geometry_flatted\Model_T.osim
[2026-03-18 20:05:08.300] [info] Loaded model Grip_Model_initial from file D:\RL_project\models\Geometry_flatted\Model_T.osim
[2026-03-18 20:13:24.175] [info] Loaded model Grip_Model_initial from file D:\RL_project\models\Geometry_flatted\Model_T.osim
[2026-03-18 20:13:35.787] [info] Loaded model Grip_Model_initial from file D:\RL_project\models\Geometry_flatted\Model_T.osim
[2026-03-18 20:15:03.337] [info] Loaded model Grip_Model_initial from file D:\RL_project\models\Geometry_flatted\Model_T.osim
[2026-03-18 20:15:46.638] [info] Loaded model Grip_Model_initial from file D:\RL_project\models\Geometry_flatted\Model_T.osim
[2026-03-18 20:17:43.053] [info] Loaded model Grip_Model_initial from file D:\RL_project\models\Geometry_flatted\Model_T.osim
[2026-03-18 20:18:21.015] [info] Loaded model Grip_Model_initial from file D:\RL_project\models\Geometry_flatted\Model_T.osim
[2026-03-18 20:20:07.747] [info] Loaded model Grip_Model_initial from file D:\RL_project\models\Geometry_flatted\Model_T.osim
[2026-03-18 20:23:06.669] [info] Loaded model Grip_Model_initial from file D:\RL_project\models\Geometry_flatted\Model_T.osim
[2026-03-18 20:30:33.854] [info] Loaded model Grip_Model_initial from file D:\RL_project\models\Geometry_flatted\Model_T.osim
[2026-03-18 20:32:18.664] [info] Loaded model Grip_Model_initial from file D:\RL_project\models\Geometry_flatted\Model_T.osim
[2026-03-18 20:33:48.792] [info] Loaded model Grip_Model_initial from file D:\RL_project\models\Geometry_flatted\Model_T.osim
[2026-03-18 20:34:49.730] [info] Loaded model Grip_Model_initial from file D:\RL_project\models\Geometry_flatted\Model_T.osim
[2026-03-18 20:36:35.703] [info] Loaded model Grip_Model_initial from file D:\RL_project\models\Geometry_flatted\Model_T.osim
[2026-03-18 20:36:45.231] [info] Loaded model Grip_Model_initial from file D:\RL_project\models\Geometry_flatted\Model_T.osim
[2026-03-18 20:37:33.108] [info] Loaded model Grip_Model_initial from file D:\RL_project\models\Geometry_flatted\Model_T.osim
[2026-03-18 20:38:13.786] [info] Loaded model Grip_Model_initial from file D:\RL_project\models\Geometry_flatted\Model_T.osim
[2026-03-18 20:41:31.402] [info] Loaded model Grip_Model_initial from file D:\RL_project\models\Geometry_flatted\Model_T.osim
[2026-03-18 22:51:04.287] [info] Loaded model Grip_Model_initial from file D:\RL_project\models\Geometry_flatted\Model_T.osim
[2026-03-18 22:55:42.253] [info] Loaded model Grip_Model_initial from file D:\RL_project\models\Geometry_flatted\Model_T.osim
[2026-03-18 23:02:32.053] [info] Loaded model Grip_Model_initial from file D:\RL_project\models\Geometry_flatted\Model_T.osim
[2026-03-18 23:03:03.006] [info] Loaded model Grip_Model_initial from file D:\RL_project\models\Geometry_flatted\Model_T.osim
[2026-03-18 23:06:18.324] [info] Loaded model Grip_Model_initial from file D:\RL_project\models\Geometry_flatted\Model_T.osim
[2026-03-18 23:08:46.572] [info] Loaded model Grip_Model_initial from file D:\RL_project\models\Geometry_flatted\Model_T.osim
[2026-03-18 23:21:17.740] [info] Loaded model Grip_Model_initial from file D:\RL_project\models\Geometry_flatted\Model_T.osim
[2026-03-18 23:22:35.089] [info] Loaded model Grip_Model_initial from file D:\RL_project\models\Geometry_flatted\Model_T.osim
[2026-03-18 23:22:54.131] [info] Loaded model Grip_Model_initial from file D:\RL_project\models\Geometry_flatted\Model_T.osim
[2026-03-18 23:23:51.808] [info] Loaded model Grip_Model_initial from file D:\RL_project\models\Geometry_flatted\Model_T.osim
[2026-03-18 23:24:20.522] [info] Loaded model Grip_Model_initial from file D:\RL_project\models\Geometry_flatted\Model_T.osim
[2026-03-18 23:34:43.660] [info] Loaded model Grip_Model_initial from file D:\RL_project\models\Geometry_flatted\Model_T.osim
[2026-03-18 23:35:04.633] [info] Loaded model Grip_Model_initial from file D:\RL_project\models\Geometry_flatted\Model_T.osim
[2026-03-18 23:36:14.214] [info] Loaded model Grip_Model_initial from file D:\RL_project\models\Geometry_flatted\Model_T.osim
[2026-03-18 23:36:24.004] [info] Loaded model Grip_Model_initial from file D:\RL_project\models\Geometry_flatted\Model_T.osim
[2026-03-18 23:37:00.041] [info] Loaded model Grip_Model_initial from file D:\RL_project\models\Geometry_flatted\Model_T.osim
[2026-03-18 23:38:27.918] [info] Loaded model Grip_Model_initial from file D:\RL_project\models\Geometry_flatted\Model_T.osim
[2026-03-18 23:39:38.321] [info] Loaded model Grip_Model_initial from file D:\RL_project\models\Geometry_flatted\Model_T.osim
[2026-03-18 23:40:16.710] [info] Loaded model Grip_Model_initial from file D:\RL_project\models\Geometry_flatted\Model_T.osim
[2026-03-18 23:43:23.138] [info] Loaded model Grip_Model_initial from file D:\RL_project\models\Geometry_flatted\Model_T.osim
[2026-03-18 23:44:46.401] [info] Loaded model Grip_Model_initial from file D:\RL_project\models\Geometry_flatted\Model_T.osim
[2026-03-18 23:55:10.530] [info] Loaded model Grip_Model_initial from file D:\RL_project\models\Geometry_flatted\Model_T.osim
[2026-03-19 00:15:57.141] [info] Loaded model Grip_Model_initial from file D:\RL_project\models\Geometry_flatted\Model_T.osim
[2026-03-19 00:16:05.420] [info] AssemblySolver::track() attempt Failed: SimTK Exception thrown at Assembler.cpp:973:
  Method Assembler::track() failed because:
Unable to achieve required assembly error tolerance.
Assembly error tolerance achieved: 5.768206023937239e-09 required: 1e-10.
[2026-03-19 00:16:05.451] [error] Model unable to assemble: AssemblySolver::assemble() Failed: SimTK Exception thrown at Assembler.cpp:897:
  Method Assembler::assemble() failed because:
Unable to achieve required assembly error tolerance.
Assembly error tolerance achieved: 2.5428597567326028e-08 required: 1e-10..Model relaxing constraints and trying again.
[2026-03-19 00:16:51.981] [info] Loaded model Grip_Model_initial from file D:\RL_project\models\Geometry_flatted\Model_T.osim
[2026-03-19 01:05:52.013] [info] Loaded model Grip_Model_initial from file D:\RL_project\models\Geometry_flatted\Model_T.osim
[2026-03-19 01:11:04.305] [info] Loaded model Grip_Model_initial from file D:\RL_project\models\Geometry_flatted\Model_Contact.osim
[2026-03-19 01:14:32.035] [info] Loaded model Grip_Model_initial from file D:\RL_project\models\Geometry_flatted\Model_Contact.osim
[2026-03-19 01:15:58.379] [info] Loaded model Grip_Model_initial from file D:\RL_project\models\Geometry_flatted\Model_Contact.osim
[2026-03-19 01:16:13.659] [info] Loaded model Grip_Model_initial from file D:\RL_project\models\Geometry_flatted\Model_Contact.osim
[2026-03-19 01:16:25.619] [info] Loaded model Grip_Model_initial from file D:\RL_project\models\Geometry_flatted\Model_Contact.osim
[2026-03-19 01:17:02.446] [info] Loaded model Grip_Model_initial from file D:\RL_project\models\Geometry_flatted\Model_Contact.osim
[2026-03-19 01:18:07.526] [info] Loaded model Grip_Model_initial from file D:\RL_project\models\Geometry_flatted\Model_Contact.osim
[2026-03-19 01:18:25.967] [info] Loaded model Grip_Model_initial from file D:\RL_project\models\Geometry_flatted\Model_Contact.osim
[2026-03-19 01:19:03.326] [info] Loaded model Grip_Model_initial from file D:\RL_project\models\Geometry_flatted\Model_Contact.osim
[2026-03-19 01:19:38.031] [info] Loaded model Grip_Model_initial from file D:\RL_project\models\Geometry_flatted\Model_Contact.osim
[2026-03-19 01:20:38.109] [info] Loaded model Grip_Model_initial from file D:\RL_project\models\Geometry_flatted\Model_Contact.osim
[2026-03-19 01:22:25.770] [info] Loaded model Grip_Model_initial from file D:\RL_project\models\Geometry_flatted\Model_Contact.osim
[2026-03-19 01:22:38.107] [info] Loaded model Grip_Model_initial from file D:\RL_project\models\Geometry_flatted\Model_T.osim
[2026-03-19 01:23:18.707] [info] Loaded model Grip_Model_initial from file D:\RL_project\models\Geometry_flatted\Model_Contact.osim
[2026-03-19 01:23:29.123] [info] Loaded model Grip_Model_initial from file D:\RL_project\models\Geometry_flatted\Model_Contact.osim
[2026-03-19 01:24:35.758] [info] Loaded model Grip_Model_initial from file D:\RL_project\models\Geometry_flatted\Model_T.osim
[2026-03-19 01:25:56.782] [info] Loaded model Grip_Model_initial from file D:\RL_project\models\Geometry_flatted\Model_T.osim
[2026-03-19 01:28:35.774] [info] Loaded model Grip_Model_initial from file D:\RL_project\models\Geometry_flatted\Model_T.osim
[2026-03-19 01:28:43.484] [info] Loaded model Grip_Model_initial from file D:\RL_project\models\Geometry_flatted\Model_T.osim
[2026-03-19 01:29:21.188] [info] Loaded model Grip_Model_initial from file D:\RL_project\models\Geometry_flatted\Model_T.osim
[2026-03-19 01:30:19.883] [info] Loaded model Grip_Model_initial from file D:\RL_project\models\Geometry_flatted\Model_T.osim
[2026-03-19 01:31:11.657] [info] Loaded model Grip_Model_initial from file D:\RL_project\models\Geometry_flatted\Model_T.osim
[2026-03-19 01:31:51.330] [info] Loaded model Grip_Model_initial from file D:\RL_project\models\Geometry_flatted\Model_T.osim
[2026-03-19 01:34:26.428] [info] Loaded model Grip_Model_initial from file D:\RL_project\models\Geometry_flatted\Model_T.osim
[2026-03-19 01:34:57.269] [info] Loaded model Grip_Model_initial from file D:\RL_project\models\Geometry_flatted\Model_T.osim
[2026-03-19 01:36:04.721] [info] Loaded model Grip_Model_initial from file D:\RL_project\models\Geometry_flatted\Model_T.osim
[2026-03-19 01:36:33.341] [info] Loaded model Grip_Model_initial from file D:\RL_project\models\Geometry_flatted\Model_T.osim
[2026-03-19 01:36:39.518] [info] Loaded model Grip_Model_initial from file D:\RL_project\models\Geometry_flatted\Model_T.osim
[2026-03-19 01:37:07.497] [info] Loaded model Grip_Model_initial from file D:\RL_project\models\Geometry_flatted\Model_T.osim
[2026-03-19 01:37:40.808] [info] Loaded model Grip_Model_initial from file D:\RL_project\models\Geometry_flatted\Model_T.osim
[2026-03-19 01:41:00.028] [info] Loaded model Grip_Model_initial from file D:\RL_project\models\Geometry_flatted\Model_T.osim
[2026-03-19 01:41:51.702] [info] Loaded model Grip_Model_initial from file D:\RL_project\models\Geometry_flatted\Model_Contact.osim
[2026-03-19 02:02:28.611] [info] Loaded model Grip_Model_initial from file D:\RL_project\models\Geometry_flatted\Model_T.osim
